c:\users\intern06\source\repos\roguelike\roguelike\debug\roguelike.pch
c:\users\intern06\source\repos\roguelike\roguelike\debug\vc141.pdb
c:\users\intern06\source\repos\roguelike\roguelike\debug\vc141.idb
c:\users\intern06\source\repos\roguelike\roguelike\debug\pch.obj
c:\users\intern06\source\repos\roguelike\roguelike\debug\main.obj
c:\users\intern06\source\repos\roguelike\roguelike\debug\enemy.obj
c:\users\intern06\source\repos\roguelike\roguelike\debug\player.obj
c:\users\intern06\source\repos\roguelike\roguelike\debug\map.obj
c:\users\intern06\source\repos\roguelike\roguelike\debug\rect.obj
c:\users\intern06\source\repos\roguelike\roguelike\debug\division.obj
c:\users\intern06\source\repos\roguelike\roguelike\debug\item.obj
c:\users\intern06\source\repos\roguelike\debug\roguelike.exe
c:\users\intern06\source\repos\roguelike\debug\roguelike.ilk
c:\users\intern06\source\repos\roguelike\debug\roguelike.pdb
c:\users\intern06\source\repos\roguelike\roguelike\debug\roguelike.obj
c:\users\intern06\source\repos\roguelike\roguelike\debug\main.obj.enc
c:\users\intern06\source\repos\roguelike\roguelike\debug\map.obj.enc
c:\users\intern06\source\repos\roguelike\roguelike\debug\roguelike.tlog\cl.command.1.tlog
c:\users\intern06\source\repos\roguelike\roguelike\debug\roguelike.tlog\cl.read.1.tlog
c:\users\intern06\source\repos\roguelike\roguelike\debug\roguelike.tlog\cl.write.1.tlog
c:\users\intern06\source\repos\roguelike\roguelike\debug\roguelike.tlog\link.command.1.tlog
c:\users\intern06\source\repos\roguelike\roguelike\debug\roguelike.tlog\link.read.1.tlog
c:\users\intern06\source\repos\roguelike\roguelike\debug\roguelike.tlog\link.write.1.tlog
